CRITICAL - 2022-06-19 12:31:39 --> Undefined variable: titulo
#0 C:\wamp64\www\testeBP\app\Views\login_view.php(1): CodeIgniter\Debug\Exceptions->errorHandler(8, 'Undefined varia...', 'C:\\wamp64\\www\\t...', 1, Array)
#1 C:\wamp64\www\testeBP\system\View\View.php(210): include('C:\\wamp64\\www\\t...')
#2 C:\wamp64\www\testeBP\system\View\View.php(213): CodeIgniter\View\View->CodeIgniter\View\{closure}()
#3 C:\wamp64\www\testeBP\system\Common.php(1089): CodeIgniter\View\View->render('login_view', Array, true)
#4 C:\wamp64\www\testeBP\app\Controllers\LoginController.php(9): view('login_view')
#5 C:\wamp64\www\testeBP\system\CodeIgniter.php(825): App\Controllers\LoginController->index()
#6 C:\wamp64\www\testeBP\system\CodeIgniter.php(412): CodeIgniter\CodeIgniter->runController(Object(App\Controllers\LoginController))
#7 C:\wamp64\www\testeBP\system\CodeIgniter.php(320): CodeIgniter\CodeIgniter->handleRequest(NULL, Object(Config\Cache), false)
#8 C:\wamp64\www\testeBP\public\index.php(37): CodeIgniter\CodeIgniter->run()
#9 {main}
CRITICAL - 2022-06-19 12:32:17 --> Undefined variable: titulo
#0 C:\wamp64\www\testeBP\app\Views\header_view.php(9): CodeIgniter\Debug\Exceptions->errorHandler(8, 'Undefined varia...', 'C:\\wamp64\\www\\t...', 9, Array)
#1 C:\wamp64\www\testeBP\system\View\View.php(210): include('C:\\wamp64\\www\\t...')
#2 C:\wamp64\www\testeBP\system\View\View.php(213): CodeIgniter\View\View->CodeIgniter\View\{closure}()
#3 C:\wamp64\www\testeBP\system\View\View.php(424): CodeIgniter\View\View->render('header_view', Array, true)
#4 C:\wamp64\www\testeBP\app\Views\login_view.php(1): CodeIgniter\View\View->include('header_view', Array)
#5 C:\wamp64\www\testeBP\system\View\View.php(210): include('C:\\wamp64\\www\\t...')
#6 C:\wamp64\www\testeBP\system\View\View.php(213): CodeIgniter\View\View->CodeIgniter\View\{closure}()
#7 C:\wamp64\www\testeBP\system\Common.php(1089): CodeIgniter\View\View->render('login_view', Array, true)
#8 C:\wamp64\www\testeBP\app\Controllers\LoginController.php(9): view('login_view')
#9 C:\wamp64\www\testeBP\system\CodeIgniter.php(825): App\Controllers\LoginController->index()
#10 C:\wamp64\www\testeBP\system\CodeIgniter.php(412): CodeIgniter\CodeIgniter->runController(Object(App\Controllers\LoginController))
#11 C:\wamp64\www\testeBP\system\CodeIgniter.php(320): CodeIgniter\CodeIgniter->handleRequest(NULL, Object(Config\Cache), false)
#12 C:\wamp64\www\testeBP\public\index.php(37): CodeIgniter\CodeIgniter->run()
#13 {main}
CRITICAL - 2022-06-19 12:32:35 --> Undefined variable: titulo
#0 C:\wamp64\www\testeBP\app\Views\header_view.php(9): CodeIgniter\Debug\Exceptions->errorHandler(8, 'Undefined varia...', 'C:\\wamp64\\www\\t...', 9, Array)
#1 C:\wamp64\www\testeBP\system\View\View.php(210): include('C:\\wamp64\\www\\t...')
#2 C:\wamp64\www\testeBP\system\View\View.php(213): CodeIgniter\View\View->CodeIgniter\View\{closure}()
#3 C:\wamp64\www\testeBP\system\View\View.php(424): CodeIgniter\View\View->render('header_view', Array, true)
#4 C:\wamp64\www\testeBP\app\Views\login_view.php(1): CodeIgniter\View\View->include('header_view', Array)
#5 C:\wamp64\www\testeBP\system\View\View.php(210): include('C:\\wamp64\\www\\t...')
#6 C:\wamp64\www\testeBP\system\View\View.php(213): CodeIgniter\View\View->CodeIgniter\View\{closure}()
#7 C:\wamp64\www\testeBP\system\Common.php(1089): CodeIgniter\View\View->render('login_view', Array, true)
#8 C:\wamp64\www\testeBP\app\Controllers\LoginController.php(9): view('login_view')
#9 C:\wamp64\www\testeBP\system\CodeIgniter.php(825): App\Controllers\LoginController->index()
#10 C:\wamp64\www\testeBP\system\CodeIgniter.php(412): CodeIgniter\CodeIgniter->runController(Object(App\Controllers\LoginController))
#11 C:\wamp64\www\testeBP\system\CodeIgniter.php(320): CodeIgniter\CodeIgniter->handleRequest(NULL, Object(Config\Cache), false)
#12 C:\wamp64\www\testeBP\public\index.php(37): CodeIgniter\CodeIgniter->run()
#13 {main}
CRITICAL - 2022-06-19 12:33:18 --> Undefined variable: titulo
#0 C:\wamp64\www\testeBP\app\Views\login_view.php(1): CodeIgniter\Debug\Exceptions->errorHandler(8, 'Undefined varia...', 'C:\\wamp64\\www\\t...', 1, Array)
#1 C:\wamp64\www\testeBP\system\View\View.php(210): include('C:\\wamp64\\www\\t...')
#2 C:\wamp64\www\testeBP\system\View\View.php(213): CodeIgniter\View\View->CodeIgniter\View\{closure}()
#3 C:\wamp64\www\testeBP\system\Common.php(1089): CodeIgniter\View\View->render('login_view', Array, true)
#4 C:\wamp64\www\testeBP\app\Controllers\LoginController.php(11): view('login_view')
#5 C:\wamp64\www\testeBP\system\CodeIgniter.php(825): App\Controllers\LoginController->index()
#6 C:\wamp64\www\testeBP\system\CodeIgniter.php(412): CodeIgniter\CodeIgniter->runController(Object(App\Controllers\LoginController))
#7 C:\wamp64\www\testeBP\system\CodeIgniter.php(320): CodeIgniter\CodeIgniter->handleRequest(NULL, Object(Config\Cache), false)
#8 C:\wamp64\www\testeBP\public\index.php(37): CodeIgniter\CodeIgniter->run()
#9 {main}
CRITICAL - 2022-06-19 12:33:26 --> Undefined variable: titulo
#0 C:\wamp64\www\testeBP\app\Views\login_view.php(1): CodeIgniter\Debug\Exceptions->errorHandler(8, 'Undefined varia...', 'C:\\wamp64\\www\\t...', 1, Array)
#1 C:\wamp64\www\testeBP\system\View\View.php(210): include('C:\\wamp64\\www\\t...')
#2 C:\wamp64\www\testeBP\system\View\View.php(213): CodeIgniter\View\View->CodeIgniter\View\{closure}()
#3 C:\wamp64\www\testeBP\system\Common.php(1089): CodeIgniter\View\View->render('login_view', Array, true)
#4 C:\wamp64\www\testeBP\app\Controllers\LoginController.php(11): view('login_view')
#5 C:\wamp64\www\testeBP\system\CodeIgniter.php(825): App\Controllers\LoginController->index()
#6 C:\wamp64\www\testeBP\system\CodeIgniter.php(412): CodeIgniter\CodeIgniter->runController(Object(App\Controllers\LoginController))
#7 C:\wamp64\www\testeBP\system\CodeIgniter.php(320): CodeIgniter\CodeIgniter->handleRequest(NULL, Object(Config\Cache), false)
#8 C:\wamp64\www\testeBP\public\index.php(37): CodeIgniter\CodeIgniter->run()
#9 {main}
CRITICAL - 2022-06-19 12:40:56 --> Use of undefined constant base - assumed 'base' (this will throw an Error in a future version of PHP)
#0 C:\wamp64\www\testeBP\app\Views\cadastrar_view.php(30): CodeIgniter\Debug\Exceptions->errorHandler(2, 'Use of undefine...', 'C:\\wamp64\\www\\t...', 30, Array)
#1 C:\wamp64\www\testeBP\system\View\View.php(210): include('C:\\wamp64\\www\\t...')
#2 C:\wamp64\www\testeBP\system\View\View.php(213): CodeIgniter\View\View->CodeIgniter\View\{closure}()
#3 C:\wamp64\www\testeBP\system\Common.php(1089): CodeIgniter\View\View->render('cadastrar_view', Array, true)
#4 C:\wamp64\www\testeBP\app\Controllers\UsuarioController.php(31): view('cadastrar_view', Array)
#5 C:\wamp64\www\testeBP\system\CodeIgniter.php(825): App\Controllers\UsuarioController->formCadastra()
#6 C:\wamp64\www\testeBP\system\CodeIgniter.php(412): CodeIgniter\CodeIgniter->runController(Object(App\Controllers\UsuarioController))
#7 C:\wamp64\www\testeBP\system\CodeIgniter.php(320): CodeIgniter\CodeIgniter->handleRequest(NULL, Object(Config\Cache), false)
#8 C:\wamp64\www\testeBP\public\index.php(37): CodeIgniter\CodeIgniter->run()
#9 {main}
CRITICAL - 2022-06-19 12:52:24 --> syntax error, unexpected 'public' (T_PUBLIC), expecting end of file
#0 C:\wamp64\www\testeBP\system\Autoloader\Autoloader.php(241): CodeIgniter\Autoloader\Autoloader->includeFile('C:\\wamp64\\www\\t...')
#1 C:\wamp64\www\testeBP\system\Autoloader\Autoloader.php(219): CodeIgniter\Autoloader\Autoloader->loadInNamespace('App\\Controllers...')
#2 [internal function]: CodeIgniter\Autoloader\Autoloader->loadClass('App\\Controllers...')
#3 [internal function]: spl_autoload_call('App\\Controllers...')
#4 C:\wamp64\www\testeBP\system\CodeIgniter.php(790): class_exists('\\App\\Controller...', true)
#5 C:\wamp64\www\testeBP\system\CodeIgniter.php(399): CodeIgniter\CodeIgniter->startController()
#6 C:\wamp64\www\testeBP\system\CodeIgniter.php(320): CodeIgniter\CodeIgniter->handleRequest(NULL, Object(Config\Cache), false)
#7 C:\wamp64\www\testeBP\public\index.php(37): CodeIgniter\CodeIgniter->run()
#8 {main}
CRITICAL - 2022-06-19 12:55:35 --> syntax error, unexpected ')', expecting variable (T_VARIABLE) or '{' or '$'
#0 C:\wamp64\www\testeBP\system\Autoloader\Autoloader.php(241): CodeIgniter\Autoloader\Autoloader->includeFile('C:\\wamp64\\www\\t...')
#1 C:\wamp64\www\testeBP\system\Autoloader\Autoloader.php(219): CodeIgniter\Autoloader\Autoloader->loadInNamespace('App\\Controllers...')
#2 [internal function]: CodeIgniter\Autoloader\Autoloader->loadClass('App\\Controllers...')
#3 [internal function]: spl_autoload_call('App\\Controllers...')
#4 C:\wamp64\www\testeBP\system\CodeIgniter.php(790): class_exists('\\App\\Controller...', true)
#5 C:\wamp64\www\testeBP\system\CodeIgniter.php(399): CodeIgniter\CodeIgniter->startController()
#6 C:\wamp64\www\testeBP\system\CodeIgniter.php(320): CodeIgniter\CodeIgniter->handleRequest(NULL, Object(Config\Cache), false)
#7 C:\wamp64\www\testeBP\public\index.php(37): CodeIgniter\CodeIgniter->run()
#8 {main}
CRITICAL - 2022-06-19 12:55:46 --> There is no data to insert.
#0 C:\wamp64\www\testeBP\system\BaseModel.php(1574): CodeIgniter\Database\Exceptions\DataException::forEmptyDataset('insert')
#1 C:\wamp64\www\testeBP\system\BaseModel.php(704): CodeIgniter\BaseModel->transformDataToArray(NULL, 'insert')
#2 C:\wamp64\www\testeBP\system\Model.php(625): CodeIgniter\BaseModel->insert(NULL, true)
#3 C:\wamp64\www\testeBP\app\Controllers\UsuarioController.php(56): CodeIgniter\Model->insert()
#4 C:\wamp64\www\testeBP\system\CodeIgniter.php(825): App\Controllers\UsuarioController->cadastrar()
#5 C:\wamp64\www\testeBP\system\CodeIgniter.php(412): CodeIgniter\CodeIgniter->runController(Object(App\Controllers\UsuarioController))
#6 C:\wamp64\www\testeBP\system\CodeIgniter.php(320): CodeIgniter\CodeIgniter->handleRequest(NULL, Object(Config\Cache), false)
#7 C:\wamp64\www\testeBP\public\index.php(37): CodeIgniter\CodeIgniter->run()
#8 {main}
